#
# There is insufficient memory for the Java Runtime Environment to continue.
# Native memory allocation (malloc) failed to allocate 32744 bytes for ChunkPool::allocate
# Possible reasons:
#   The system is out of physical RAM or swap space
#   The process is running with CompressedOops enabled, and the Java Heap may be blocking the growth of the native heap
# Possible solutions:
#   Reduce memory load on the system
#   Increase physical memory or swap space
#   Check if swap backing store is full
#   Decrease Java heap size (-Xmx/-Xms)
#   Decrease number of Java threads
#   Decrease Java thread stack sizes (-Xss)
#   Set larger code cache with -XX:ReservedCodeCacheSize=
#   JVM is running with Unscaled Compressed Oops mode in which the Java heap is
#     placed in the first 4GB address space. The Java Heap base address is the
#     maximum limit for the native heap growth. Please use -XX:HeapBaseMinAddress
#     to set the Java Heap base and to place the Java Heap above 4GB virtual address.
# This output file may be truncated or incomplete.
#
#  Out of Memory Error (allocation.cpp:272), pid=15268, tid=0x0000000000002ebc
#
# JRE version: Java(TM) SE Runtime Environment (8.0_202-b08) (build 1.8.0_202-b08)
# Java VM: Java HotSpot(TM) 64-Bit Server VM (25.202-b08 mixed mode windows-amd64 compressed oops)
# Failed to write core dump. Minidumps are not enabled by default on client versions of Windows
#

---------------  T H R E A D  ---------------

Current thread (0x0000000019567000):  JavaThread "C1 CompilerThread2" daemon [_thread_in_native, id=11964, stack(0x0000000019c50000,0x0000000019d50000)]

Stack: [0x0000000019c50000,0x0000000019d50000]
[error occurred during error reporting (printing stack bounds), id 0xc0000005]

Native frames: (J=compiled Java code, j=interpreted, Vv=VM code, C=native code)


Current CompileTask:
C1:    487  199       3       jdk.internal.org.objectweb.asm.Frame::execute (2252 bytes)


---------------  P R O C E S S  ---------------

Java Threads: ( => current thread )
  0x00000000195f3000 JavaThread "Service Thread" daemon [_thread_blocked, id=12160, stack(0x0000000019d50000,0x0000000019e50000)]
=>0x0000000019567000 JavaThread "C1 CompilerThread2" daemon [_thread_in_native, id=11964, stack(0x0000000019c50000,0x0000000019d50000)]
  0x0000000019558800 JavaThread "C2 CompilerThread1" daemon [_thread_blocked, id=13280, stack(0x0000000019b50000,0x0000000019c50000)]
  0x0000000019556000 JavaThread "C2 CompilerThread0" daemon [_thread_in_vm, id=4336, stack(0x0000000019a50000,0x0000000019b50000)]
  0x0000000019554800 JavaThread "Monitor Ctrl-Break" daemon [_thread_in_native, id=10188, stack(0x0000000019950000,0x0000000019a50000)]
  0x0000000017f04800 JavaThread "Attach Listener" daemon [_thread_blocked, id=11464, stack(0x0000000019450000,0x0000000019550000)]
  0x0000000017f03800 JavaThread "Signal Dispatcher" daemon [_thread_blocked, id=9140, stack(0x0000000019350000,0x0000000019450000)]
  0x000000000338b800 JavaThread "Finalizer" daemon [_thread_blocked, id=13688, stack(0x0000000019150000,0x0000000019250000)]
  0x0000000017eea000 JavaThread "Reference Handler" daemon [_thread_blocked, id=12236, stack(0x0000000019050000,0x0000000019150000)]
  0x0000000003292800 JavaThread "main" [_thread_in_vm, id=6092, stack(0x0000000002f70000,0x0000000003070000)]

Other Threads:
  0x0000000017ec8000 VMThread [stack: 0x0000000018f50000,0x0000000019050000] [id=12660]
  0x0000000019676800 WatcherThread [stack: 0x0000000019e50000,0x0000000019f50000] [id=13828]

VM state:not at safepoint (normal execution)

VM Mutex/Monitor currently owned by a thread: None

heap address: 0x0000000081400000, size: 2028 MB, Compressed Oops mode: 32-bit
Narrow klass base: 0x0000000000000000, Narrow klass shift: 3
Compressed class space size: 1073741824 Address: 0x0000000100000000

Heap:
 PSYoungGen      total 38400K, used 6167K [0x00000000d5c00000, 0x00000000d8680000, 0x0000000100000000)
  eden space 33280K, 18% used [0x00000000d5c00000,0x00000000d6205d88,0x00000000d7c80000)
  from space 5120K, 0% used [0x00000000d8180000,0x00000000d8180000,0x00000000d8680000)
  to   space 5120K, 0% used [0x00000000d7c80000,0x00000000d7c80000,0x00000000d8180000)
 ParOldGen       total 87552K, used 0K [0x0000000081400000, 0x0000000086980000, 0x00000000d5c00000)
  object space 87552K, 0% used [0x0000000081400000,0x0000000081400000,0x0000000086980000)
 Metaspace       used 4972K, capacity 5122K, committed 5248K, reserved 1056768K
  class space    used 564K, capacity 630K, committed 640K, reserved 1048576K

Card table byte_map: [0x0000000012750000,0x0000000012b50000] byte_map_base: 0x0000000012346000

Marking Bits: (ParMarkBitMap*) 0x000000005a7f5ce0
 Begin Bits: [0x0000000013200000, 0x00000000151b0000)
 End Bits:   [0x00000000151b0000, 0x0000000017160000)

Polling page: 0x0000000003080000

CodeCache: size=245760Kb used=1419Kb max_used=1419Kb free=244340Kb
 bounds [0x0000000003390000, 0x0000000003600000, 0x0000000012390000]
 total_blobs=489 nmethods=204 adapters=198
 compilation: enabled

Compilation events (10 events):
Event: 0.476 Thread 0x0000000019567000 nmethod 190 0x00000000034ec210 code [0x00000000034ec380, 0x00000000034ec608]
Event: 0.476 Thread 0x0000000019567000  191       3       java.lang.invoke.MemberName::getInvocationType (56 bytes)
Event: 0.477 Thread 0x0000000019567000 nmethod 191 0x00000000034ec850 code [0x00000000034eca40, 0x00000000034ed648]
Event: 0.477 Thread 0x0000000019567000  195       3       java.lang.AbstractStringBuilder::<init> (12 bytes)
Event: 0.477 Thread 0x0000000019567000 nmethod 195 0x00000000034ed950 code [0x00000000034edac0, 0x00000000034edd10]
Event: 0.477 Thread 0x0000000019567000  193       3       java.lang.invoke.InvokerBytecodeGenerator::isStaticallyNameable (116 bytes)
Event: 0.481 Thread 0x0000000019567000 nmethod 193 0x00000000034ee550 code [0x00000000034ee8c0, 0x00000000034f0998]
Event: 0.481 Thread 0x0000000019567000  203       3       jdk.internal.org.objectweb.asm.Type::getType (269 bytes)
Event: 0.482 Thread 0x0000000019567000 nmethod 203 0x00000000034f1ad0 code [0x00000000034f1cc0, 0x00000000034f25b0]
Event: 0.482 Thread 0x0000000019567000  199       3       jdk.internal.org.objectweb.asm.Frame::execute (2252 bytes)

GC Heap History (0 events):
No events

Deoptimization events (0 events):
No events

Classes redefined (0 events):
No events

Internal exceptions (8 events):
Event: 0.061 Thread 0x0000000003292800 Exception <a 'java/lang/NoSuchMethodError': Method sun.misc.Unsafe.defineClass(Ljava/lang/String;[BII)Ljava/lang/Class; name or signature does not match> (0x00000000d5c07cb0) thrown at [C:\re\workspace\8-2-build-windows-amd64-cygwin\jdk8u202\12323\hotspot
Event: 0.062 Thread 0x0000000003292800 Exception <a 'java/lang/NoSuchMethodError': Method sun.misc.Unsafe.prefetchRead(Ljava/lang/Object;J)V name or signature does not match> (0x00000000d5c07f98) thrown at [C:\re\workspace\8-2-build-windows-amd64-cygwin\jdk8u202\12323\hotspot\src\share\vm\prim
Event: 0.358 Thread 0x0000000017f04800 Exception <a 'java/security/PrivilegedActionException'> (0x00000000d5f38d28) thrown at [C:\re\workspace\8-2-build-windows-amd64-cygwin\jdk8u202\12323\hotspot\src\share\vm\prims\jvm.cpp, line 1502]
Event: 0.358 Thread 0x0000000017f04800 Exception <a 'java/security/PrivilegedActionException'> (0x00000000d5f39120) thrown at [C:\re\workspace\8-2-build-windows-amd64-cygwin\jdk8u202\12323\hotspot\src\share\vm\prims\jvm.cpp, line 1502]
Event: 0.359 Thread 0x0000000017f04800 Exception <a 'java/security/PrivilegedActionException'> (0x00000000d5f3d218) thrown at [C:\re\workspace\8-2-build-windows-amd64-cygwin\jdk8u202\12323\hotspot\src\share\vm\prims\jvm.cpp, line 1502]
Event: 0.359 Thread 0x0000000017f04800 Exception <a 'java/security/PrivilegedActionException'> (0x00000000d5f3d610) thrown at [C:\re\workspace\8-2-build-windows-amd64-cygwin\jdk8u202\12323\hotspot\src\share\vm\prims\jvm.cpp, line 1502]
Event: 0.375 Thread 0x0000000003292800 Exception <a 'java/io/FileNotFoundException'> (0x00000000d5f99a80) thrown at [C:\re\workspace\8-2-build-windows-amd64-cygwin\jdk8u202\12323\hotspot\src\share\vm\prims\jni.cpp, line 710]
Event: 0.485 Thread 0x0000000003292800 Exception <a 'java/lang/NoSuchFieldError': method resolution failed> (0x00000000d61700c8) thrown at [C:\re\workspace\8-2-build-windows-amd64-cygwin\jdk8u202\12323\hotspot\src\share\vm\prims\methodHandles.cpp, line 1167]

Events (10 events):
Event: 0.457 loading class java/lang/invoke/DelegatingMethodHandle done
Event: 0.457 loading class java/lang/invoke/MethodHandleImpl$AsVarargsCollector done
Event: 0.458 loading class java/lang/invoke/WrongMethodTypeException
Event: 0.458 loading class java/lang/invoke/WrongMethodTypeException done
Event: 0.461 loading class java/lang/invoke/MethodHandleImpl$Lazy
Event: 0.462 loading class java/lang/invoke/MethodHandleImpl$Lazy done
Event: 0.462 loading class java/lang/invoke/MethodHandleImpl$IntrinsicMethodHandle
Event: 0.462 loading class java/lang/invoke/MethodHandleImpl$IntrinsicMethodHandle done
Event: 0.484 loading class java/lang/NoSuchFieldError
Event: 0.485 loading class java/lang/NoSuchFieldError done


Dynamic libraries:
0x00007ff6d6370000 - 0x00007ff6d63a7000 	C:\Program Files\Java\jdk1.8.0_202\bin\java.exe
0x00007ffbceb40000 - 0x00007ffbced30000 	C:\WINDOWS\SYSTEM32\ntdll.dll
0x00007ffbcd860000 - 0x00007ffbcd912000 	C:\WINDOWS\System32\KERNEL32.DLL
0x00007ffbcc0e0000 - 0x00007ffbcc383000 	C:\WINDOWS\System32\KERNELBASE.dll
0x00007ffbcdfd0000 - 0x00007ffbce073000 	C:\WINDOWS\System32\ADVAPI32.dll
0x00007ffbcce80000 - 0x00007ffbccf1e000 	C:\WINDOWS\System32\msvcrt.dll
0x00007ffbcdcf0000 - 0x00007ffbcdd87000 	C:\WINDOWS\System32\sechost.dll
0x00007ffbcd9f0000 - 0x00007ffbcdb10000 	C:\WINDOWS\System32\RPCRT4.dll
0x00007ffbcccd0000 - 0x00007ffbcce63000 	C:\WINDOWS\System32\USER32.dll
0x00007ffbcc0b0000 - 0x00007ffbcc0d1000 	C:\WINDOWS\System32\win32u.dll
0x00007ffbcded0000 - 0x00007ffbcdef6000 	C:\WINDOWS\System32\GDI32.dll
0x00007ffbcbbd0000 - 0x00007ffbcbd64000 	C:\WINDOWS\System32\gdi32full.dll
0x00007ffbcbf10000 - 0x00007ffbcbfae000 	C:\WINDOWS\System32\msvcp_win.dll
0x00007ffbcbad0000 - 0x00007ffbcbbca000 	C:\WINDOWS\System32\ucrtbase.dll
0x00007ffbb5b40000 - 0x00007ffbb5dc5000 	C:\WINDOWS\WinSxS\amd64_microsoft.windows.common-controls_6595b64144ccf1df_6.0.18362.356_none_e6c4af7d130f27cc\COMCTL32.dll
0x00007ffbce200000 - 0x00007ffbce536000 	C:\WINDOWS\System32\combase.dll
0x00007ffbccb70000 - 0x00007ffbccbf0000 	C:\WINDOWS\System32\bcryptPrimitives.dll
0x00007ffbce660000 - 0x00007ffbce68e000 	C:\WINDOWS\System32\IMM32.DLL
0x000000005a880000 - 0x000000005a952000 	C:\Program Files\Java\jdk1.8.0_202\jre\bin\msvcr100.dll
0x0000000059fd0000 - 0x000000005a875000 	C:\Program Files\Java\jdk1.8.0_202\jre\bin\server\jvm.dll
0x00007ffbcd980000 - 0x00007ffbcd988000 	C:\WINDOWS\System32\PSAPI.DLL
0x00007ffbb9d90000 - 0x00007ffbb9d99000 	C:\WINDOWS\SYSTEM32\WSOCK32.dll
0x00007ffbc8f20000 - 0x00007ffbc8f44000 	C:\WINDOWS\SYSTEM32\WINMM.dll
0x00007ffbce5f0000 - 0x00007ffbce65f000 	C:\WINDOWS\System32\WS2_32.dll
0x00007ffbbefa0000 - 0x00007ffbbefaa000 	C:\WINDOWS\SYSTEM32\VERSION.dll
0x00007ffbc8ef0000 - 0x00007ffbc8f1d000 	C:\WINDOWS\SYSTEM32\WINMMBASE.dll
0x00007ffbcbec0000 - 0x00007ffbcbf0a000 	C:\WINDOWS\System32\cfgmgr32.dll
0x00007ffbc4ba0000 - 0x00007ffbc4baf000 	C:\Program Files\Java\jdk1.8.0_202\jre\bin\verify.dll
0x00007ffbc4b70000 - 0x00007ffbc4b99000 	C:\Program Files\Java\jdk1.8.0_202\jre\bin\java.dll
0x00007ffbb73c0000 - 0x00007ffbb73e3000 	C:\Program Files\Java\jdk1.8.0_202\jre\bin\instrument.dll
0x00007ffbc4b50000 - 0x00007ffbc4b66000 	C:\Program Files\Java\jdk1.8.0_202\jre\bin\zip.dll
0x00007ffbcd170000 - 0x00007ffbcd855000 	C:\WINDOWS\System32\SHELL32.dll
0x00007ffbce080000 - 0x00007ffbce129000 	C:\WINDOWS\System32\shcore.dll
0x00007ffbcc3f0000 - 0x00007ffbccb6e000 	C:\WINDOWS\System32\windows.storage.dll
0x00007ffbcba40000 - 0x00007ffbcba5f000 	C:\WINDOWS\System32\profapi.dll
0x00007ffbcba80000 - 0x00007ffbcbaca000 	C:\WINDOWS\System32\powrprof.dll
0x00007ffbcba10000 - 0x00007ffbcba20000 	C:\WINDOWS\System32\UMPDC.dll
0x00007ffbcd990000 - 0x00007ffbcd9e2000 	C:\WINDOWS\System32\shlwapi.dll
0x00007ffbcba60000 - 0x00007ffbcba71000 	C:\WINDOWS\System32\kernel.appcore.dll
0x00007ffbcc060000 - 0x00007ffbcc077000 	C:\WINDOWS\System32\cryptsp.dll
0x00007ffbb4ce0000 - 0x00007ffbb4cfa000 	C:\Program Files\JetBrains\IntelliJ IDEA Community Edition 2019.2.3\bin\breakgen64.dll
0x00007ffbc4b30000 - 0x00007ffbc4b4a000 	C:\Program Files\Java\jdk1.8.0_202\jre\bin\net.dll
0x00007ffbbc1a0000 - 0x00007ffbbc376000 	C:\WINDOWS\SYSTEM32\urlmon.dll
0x00007ffbbc4c0000 - 0x00007ffbbc766000 	C:\WINDOWS\SYSTEM32\iertutil.dll
0x00007ffbcb450000 - 0x00007ffbcb45c000 	C:\WINDOWS\SYSTEM32\CRYPTBASE.DLL
0x00007ffbcb280000 - 0x00007ffbcb2e7000 	C:\WINDOWS\system32\mswsock.dll
0x00007ffb9f430000 - 0x00007ffb9f5c9000 	C:\Program Files\Java\jdk1.8.0_202\jre\bin\awt.dll
0x00007ffbcdf00000 - 0x00007ffbcdfc4000 	C:\WINDOWS\System32\OLEAUT32.dll
0x00007ffbc8f50000 - 0x00007ffbc8fdf000 	C:\WINDOWS\SYSTEM32\apphelp.dll

VM Arguments:
jvm_args: -javaagent:C:\Program Files\JetBrains\IntelliJ IDEA Community Edition 2019.2.3\lib\idea_rt.jar=50771:C:\Program Files\JetBrains\IntelliJ IDEA Community Edition 2019.2.3\bin -Dfile.encoding=UTF-8 
java_command: LogIn
java_class_path (initial): C:\Program Files\Java\jdk1.8.0_202\jre\lib\charsets.jar;C:\Program Files\Java\jdk1.8.0_202\jre\lib\deploy.jar;C:\Program Files\Java\jdk1.8.0_202\jre\lib\ext\access-bridge-64.jar;C:\Program Files\Java\jdk1.8.0_202\jre\lib\ext\cldrdata.jar;C:\Program Files\Java\jdk1.8.0_202\jre\lib\ext\dnsns.jar;C:\Program Files\Java\jdk1.8.0_202\jre\lib\ext\jaccess.jar;C:\Program Files\Java\jdk1.8.0_202\jre\lib\ext\jfxrt.jar;C:\Program Files\Java\jdk1.8.0_202\jre\lib\ext\localedata.jar;C:\Program Files\Java\jdk1.8.0_202\jre\lib\ext\nashorn.jar;C:\Program Files\Java\jdk1.8.0_202\jre\lib\ext\sunec.jar;C:\Program Files\Java\jdk1.8.0_202\jre\lib\ext\sunjce_provider.jar;C:\Program Files\Java\jdk1.8.0_202\jre\lib\ext\sunmscapi.jar;C:\Program Files\Java\jdk1.8.0_202\jre\lib\ext\sunpkcs11.jar;C:\Program Files\Java\jdk1.8.0_202\jre\lib\ext\zipfs.jar;C:\Program Files\Java\jdk1.8.0_202\jre\lib\javaws.jar;C:\Program Files\Java\jdk1.8.0_202\jre\lib\jce.jar;C:\Program Files\Java\jdk1.8.0_202\jre\lib\jfr.jar;C:\Program Files\Java\jdk1.8.0_202\jre\lib\jfxswt.jar;C:\Program Files\Java\jdk1.8.0_202\jre\lib\jsse.jar;C:\Program Files\Java\jdk1.8.0_202\jre\lib\management-agent.jar;C:\Program Files\Java\jdk1.8.0_202\jre\lib\plugin.jar;C:\Program Files\Java\jdk1.8.0_202\jre\lib\resources.jar;C:\Program Files\Java\jdk1.8.0_202\jre\lib\rt.jar;C:\Users\HP-Pavillion\Pictures\SDL3\SDL2\out\production\SDL2;C:\Users\HP-Pavillion\Downloads\mysql-connector-java-8.0.17\mysql-connector-java-8.0.17.jar;C:\Program Files\JetBrains\IntelliJ IDEA Community Edition 2019.2.3\lib\idea_rt.jar
Launcher Type: SUN_STANDARD

Environment Variables:
PATH=C:\Program Files (x86)\Common Files\Oracle\Java\javapath;C:\WINDOWS\system32;C:\WINDOWS;C:\WINDOWS\System32\Wbem;C:\WINDOWS\System32\WindowsPowerShell\v1.0\;C:\WINDOWS\System32\OpenSSH\;C:\Program Files\MySQL\MySQL Shell 8.0\bin\
USERNAME=HP-Pavillion
OS=Windows_NT
PROCESSOR_IDENTIFIER=Intel64 Family 6 Model 78 Stepping 3, GenuineIntel



---------------  S Y S T E M  ---------------

OS: Windows 10.0 , 64 bit Build 18362 (10.0.18362.329)

CPU:total 4 (initial active 4) (2 cores per cpu, 2 threads per core) family 6 model 78 stepping 3, cmov, cx8, fxsr, mmx, sse, sse2, sse3, ssse3, sse4.1, sse4.2, popcnt, avx, avx2, aes, clmul, erms, 3dnowpref, lzcnt, ht, tsc, tscinvbit, bmi1, bmi2, adx

Memory: 4k page, physical 8303440k(430908k free), swap 33469264k(3096k free)

vm_info: Java HotSpot(TM) 64-Bit Server VM (25.202-b08) for windows-amd64 JRE (1.8.0_202-b08), built on Dec 15 2018 19:54:30 by "java_re" with MS VC++ 10.0 (VS2010)

time: Fri Oct 18 00:35:51 2019
timezone: India Standard Time
elapsed time: 0 seconds (0d 0h 0m 0s)

